<?xml version="1.0" encoding="UTF-8"?>
<!-- Generated by org.testng.reporters.JUnitReportReporter -->
<testsuite skipped="1" hostname="VINODSINGARAM" name="driverFactory.DriverScript" tests="2" failures="0" timestamp="14 May 2022 08:59:19 GMT" time="2.771" errors="1">
  <testcase name="validateLogin" time="0.000" classname="driverFactory.DriverScript">
    <skipped/>
  </testcase> <!-- validateLogin -->
  <testcase name="Setup" time="2.771" classname="driverFactory.DriverScript">
    <error type="org.openqa.selenium.SessionNotCreatedException" message="session not created: This version of ChromeDriver only supports Chrome version 99
Current browser version is 101.0.4951.54 with binary path C:\Users\Dell\AppData\Local\Google\Chrome\Application\chrome.exe
Build info: version: &#039;3.14.0&#039;, revision: &#039;aacccce0&#039;, time: &#039;2018-08-02T20:13:22.693Z&#039;
System info: host: &#039;VINODSINGARAM&#039;, ip: &#039;192.168.0.5&#039;, os.name: &#039;Windows 10&#039;, os.arch: &#039;amd64&#039;, os.version: &#039;10.0&#039;, java.version: &#039;1.8.0_121&#039;
Driver info: driver.version: ChromeDriver
remote stacktrace: Backtrace:
	Ordinal0 [0x00AC9943+2595139]
	Ordinal0 [0x00A5C9F1+2148849]
	Ordinal0 [0x00954528+1066280]
	Ordinal0 [0x009742C3+1196739]
	Ordinal0 [0x0096FE37+1179191]
	Ordinal0 [0x0096D6F1+1169137]
	Ordinal0 [0x009A0530+1377584]
	Ordinal0 [0x009A018A+1376650]
	Ordinal0 [0x0099B806+1357830]
	Ordinal0 [0x00976086+1204358]
	Ordinal0 [0x00976F96+1208214]
	GetHandleVerifier [0x00C6B232+1658114]
	GetHandleVerifier [0x00D2312C+2411516]
	GetHandleVerifier [0x00B5F261+560433]
	GetHandleVerifier [0x00B5E366+556598]
	Ordinal0 [0x00A6286B+2173035]
	Ordinal0 [0x00A675F8+2192888]
	Ordinal0 [0x00A676E5+2193125]
	Ordinal0 [0x00A711FC+2232828]
	BaseThreadInitThunk [0x7793FA29+25]
	RtlGetAppContainerNamedObjectPath [0x77D77A7E+286]
	RtlGetAppContainerNamedObjectPath [0x77D77A4E+238]
">
      <![CDATA[org.openqa.selenium.SessionNotCreatedException: session not created: This version of ChromeDriver only supports Chrome version 99
Current browser version is 101.0.4951.54 with binary path C:\Users\Dell\AppData\Local\Google\Chrome\Application\chrome.exe
Build info: version: '3.14.0', revision: 'aacccce0', time: '2018-08-02T20:13:22.693Z'
System info: host: 'VINODSINGARAM', ip: '192.168.0.5', os.name: 'Windows 10', os.arch: 'amd64', os.version: '10.0', java.version: '1.8.0_121'
Driver info: driver.version: ChromeDriver
remote stacktrace: Backtrace:
	Ordinal0 [0x00AC9943+2595139]
	Ordinal0 [0x00A5C9F1+2148849]
	Ordinal0 [0x00954528+1066280]
	Ordinal0 [0x009742C3+1196739]
	Ordinal0 [0x0096FE37+1179191]
	Ordinal0 [0x0096D6F1+1169137]
	Ordinal0 [0x009A0530+1377584]
	Ordinal0 [0x009A018A+1376650]
	Ordinal0 [0x0099B806+1357830]
	Ordinal0 [0x00976086+1204358]
	Ordinal0 [0x00976F96+1208214]
	GetHandleVerifier [0x00C6B232+1658114]
	GetHandleVerifier [0x00D2312C+2411516]
	GetHandleVerifier [0x00B5F261+560433]
	GetHandleVerifier [0x00B5E366+556598]
	Ordinal0 [0x00A6286B+2173035]
	Ordinal0 [0x00A675F8+2192888]
	Ordinal0 [0x00A676E5+2193125]
	Ordinal0 [0x00A711FC+2232828]
	BaseThreadInitThunk [0x7793FA29+25]
	RtlGetAppContainerNamedObjectPath [0x77D77A7E+286]
	RtlGetAppContainerNamedObjectPath [0x77D77A4E+238]

	at sun.reflect.NativeConstructorAccessorImpl.newInstance0(Native Method)
	at sun.reflect.NativeConstructorAccessorImpl.newInstance(Unknown Source)
	at sun.reflect.DelegatingConstructorAccessorImpl.newInstance(Unknown Source)
	at java.lang.reflect.Constructor.newInstance(Unknown Source)
	at org.openqa.selenium.remote.W3CHandshakeResponse.lambda$new$0(W3CHandshakeResponse.java:57)
	at org.openqa.selenium.remote.W3CHandshakeResponse.lambda$getResponseFunction$2(W3CHandshakeResponse.java:104)
	at org.openqa.selenium.remote.ProtocolHandshake.lambda$createSession$0(ProtocolHandshake.java:122)
	at java.util.stream.ReferencePipeline$3$1.accept(Unknown Source)
	at java.util.Spliterators$ArraySpliterator.tryAdvance(Unknown Source)
	at java.util.stream.ReferencePipeline.forEachWithCancel(Unknown Source)
	at java.util.stream.AbstractPipeline.copyIntoWithCancel(Unknown Source)
	at java.util.stream.AbstractPipeline.copyInto(Unknown Source)
	at java.util.stream.AbstractPipeline.wrapAndCopyInto(Unknown Source)
	at java.util.stream.FindOps$FindOp.evaluateSequential(Unknown Source)
	at java.util.stream.AbstractPipeline.evaluate(Unknown Source)
	at java.util.stream.ReferencePipeline.findFirst(Unknown Source)
	at org.openqa.selenium.remote.ProtocolHandshake.createSession(ProtocolHandshake.java:125)
	at org.openqa.selenium.remote.ProtocolHandshake.createSession(ProtocolHandshake.java:73)
	at org.openqa.selenium.remote.HttpCommandExecutor.execute(HttpCommandExecutor.java:136)
	at org.openqa.selenium.remote.service.DriverCommandExecutor.execute(DriverCommandExecutor.java:83)
	at org.openqa.selenium.remote.RemoteWebDriver.execute(RemoteWebDriver.java:548)
	at org.openqa.selenium.remote.RemoteWebDriver.startSession(RemoteWebDriver.java:212)
	at org.openqa.selenium.remote.RemoteWebDriver.<init>(RemoteWebDriver.java:130)
	at org.openqa.selenium.chrome.ChromeDriver.<init>(ChromeDriver.java:181)
	at org.openqa.selenium.chrome.ChromeDriver.<init>(ChromeDriver.java:168)
	at org.openqa.selenium.chrome.ChromeDriver.<init>(ChromeDriver.java:123)
	at constant.AppUtil.Setup(AppUtil.java:22)
	at sun.reflect.NativeMethodAccessorImpl.invoke0(Native Method)
	at sun.reflect.NativeMethodAccessorImpl.invoke(Unknown Source)
	at sun.reflect.DelegatingMethodAccessorImpl.invoke(Unknown Source)
	at java.lang.reflect.Method.invoke(Unknown Source)
	at org.testng.internal.MethodInvocationHelper.invokeMethod(MethodInvocationHelper.java:108)
	at org.testng.internal.Invoker.invokeConfigurationMethod(Invoker.java:523)
	at org.testng.internal.Invoker.invokeConfigurations(Invoker.java:224)
	at org.testng.internal.Invoker.invokeConfigurations(Invoker.java:146)
	at org.testng.TestRunner.beforeRun(TestRunner.java:626)
	at org.testng.TestRunner.run(TestRunner.java:594)
	at org.testng.SuiteRunner.runTest(SuiteRunner.java:380)
	at org.testng.SuiteRunner.runSequentially(SuiteRunner.java:375)
	at org.testng.SuiteRunner.privateRun(SuiteRunner.java:340)
	at org.testng.SuiteRunner.run(SuiteRunner.java:289)
	at org.testng.SuiteRunnerWorker.runSuite(SuiteRunnerWorker.java:52)
	at org.testng.SuiteRunnerWorker.run(SuiteRunnerWorker.java:86)
	at org.testng.TestNG.runSuitesSequentially(TestNG.java:1301)
	at org.testng.TestNG.runSuitesLocally(TestNG.java:1226)
	at org.testng.TestNG.runSuites(TestNG.java:1144)
	at org.testng.TestNG.run(TestNG.java:1115)
	at org.testng.remote.AbstractRemoteTestNG.run(AbstractRemoteTestNG.java:132)
	at org.testng.remote.RemoteTestNG.initAndRun(RemoteTestNG.java:230)
	at org.testng.remote.RemoteTestNG.main(RemoteTestNG.java:76)
]]>
    </error>
  </testcase> <!-- Setup -->
</testsuite> <!-- driverFactory.DriverScript -->
